#
# A fatal error has been detected by the Java Runtime Environment:
#
#  EXCEPTION_ACCESS_VIOLATION (0xc0000005) at pc=0x00007fffafcdcee6, pid=9952, tid=6016
#
# JRE version: Java(TM) SE Runtime Environment (8.0_51-b16) (build 1.8.0_51-b16)
# Java VM: Java HotSpot(TM) 64-Bit Server VM (25.51-b03 mixed mode windows-amd64 compressed oops)
# Problematic frame:
# C  [ntdll.dll+0x1cee6]
#
# Failed to write core dump. Minidumps are not enabled by default on client versions of Windows
#
# If you would like to submit a bug report, please visit:
#   http://bugreport.java.com/bugreport/crash.jsp
# The crash happened outside the Java Virtual Machine in native code.
# See problematic frame for where to report the bug.
#

---------------  T H R E A D  ---------------

Current thread (0x000000000054e000):  JavaThread "main" [_thread_in_native, id=6016, stack(0x0000000000980000,0x0000000000a80000)]

siginfo: ExceptionCode=0xc0000005, reading address 0x0000000000000079

Registers:
RAX=0x0000000000000000, RBX=0x0000000000a7e3c0, RCX=0x0000000000a7e360, RDX=0x0000000000000079
RSP=0x0000000000a7e338, RBP=0x0000000000000000, RSI=0x00000000000000dc, RDI=0x0000000000a7e530
R8 =0x0000000000000000, R9 =0x0000000000000004, R10=0x0000000000000000, R11=0x0000000000a7e3c0
R12=0x00000000ffffffff, R13=0x0000000000000000, R14=0x0000000000000000, R15=0x0000000000000004
RIP=0x00007fffafcdcee6, EFLAGS=0x0000000000010256

Top of Stack: (sp=0x0000000000a7e338)
0x0000000000a7e338:   00007fffad3d1ad5 00000000026bf977
0x0000000000a7e348:   000000000000000b 0000000000000000
0x0000000000a7e358:   000000006fd69932 0000000000000000
0x0000000000a7e368:   0000000000000079 000000000054e000
0x0000000000a7e378:   0000000000a7e800 0000000000000000
0x0000000000a7e388:   0000000000000000 0000000000a7e530
0x0000000000a7e398:   00007fff9aa34f5b 0000000000000001
0x0000000000a7e3a8:   00000000000000dc 0000000000a7e534
0x0000000000a7e3b8:   000000000000002c 0000000000000000
0x0000000000a7e3c8:   0000000000000000 0000000000000000
0x0000000000a7e3d8:   0000000000000000 0000000000000000
0x0000000000a7e3e8:   0000000000000000 0000000000000000
0x0000000000a7e3f8:   0000000000000000 000000dc00000000
0x0000000000a7e408:   0000000000000000 0000000000000000
0x0000000000a7e418:   0000000000000000 0000000000000000
0x0000000000a7e428:   0000000000000000 0000000000000000 

Instructions: (pc=0x00007fffafcdcee6)
0x00007fffafcdcec6:   cc cc cc cc cc cc cc cc cc cc 45 33 c0 48 89 51
0x00007fffafcdced6:   08 44 89 01 48 85 d2 74 2b 48 83 c8 ff 48 ff c0
0x00007fffafcdcee6:   66 44 39 04 42 75 f6 48 03 c0 ba fc ff 00 00 48
0x00007fffafcdcef6:   3d fe ff 00 00 48 0f 43 c2 66 89 01 66 83 c0 02 


Register to memory mapping:

RAX=0x0000000000000000 is an unknown value
RBX=0x0000000000a7e3c0 is pointing into the stack for thread: 0x000000000054e000
RCX=0x0000000000a7e360 is pointing into the stack for thread: 0x000000000054e000
RDX=0x0000000000000079 is an unknown value
RSP=0x0000000000a7e338 is pointing into the stack for thread: 0x000000000054e000
RBP=0x0000000000000000 is an unknown value
RSI=0x00000000000000dc is an unknown value
RDI=0x0000000000a7e530 is pointing into the stack for thread: 0x000000000054e000
R8 =0x0000000000000000 is an unknown value
R9 =0x0000000000000004 is an unknown value
R10=0x0000000000000000 is an unknown value
R11=0x0000000000a7e3c0 is pointing into the stack for thread: 0x000000000054e000
R12=0x00000000ffffffff is an unallocated location in the heap
R13=0x0000000000000000 is an unknown value
R14=0x0000000000000000 is an unknown value
R15=0x0000000000000004 is an unknown value


Stack: [0x0000000000980000,0x0000000000a80000],  sp=0x0000000000a7e338,  free space=1016k
Native frames: (J=compiled Java code, j=interpreted, Vv=VM code, C=native code)

Java frames: (J=compiled Java code, j=interpreted, Vv=VM code)
j  org.lwjgl.system.JNI.invokeIIPPPP(JIIJJJ)J+0
j  org.lwjgl.glfw.GLFW.nglfwCreateWindow(IIJJJ)J+17
j  org.lwjgl.glfw.GLFW.glfwCreateWindow(IILjava/lang/CharSequence;JJ)J+29
j  engine.window.Window$.createWindow(IILjava/lang/String;)J+31
j  engine.core.Engine$.start()V+15
j  test.Main$.main([Ljava/lang/String;)V+9
j  test.Main.main([Ljava/lang/String;)V+4
v  ~StubRoutines::call_stub
j  sun.reflect.NativeMethodAccessorImpl.invoke0(Ljava/lang/reflect/Method;Ljava/lang/Object;[Ljava/lang/Object;)Ljava/lang/Object;+0
j  sun.reflect.NativeMethodAccessorImpl.invoke(Ljava/lang/Object;[Ljava/lang/Object;)Ljava/lang/Object;+100
j  sun.reflect.DelegatingMethodAccessorImpl.invoke(Ljava/lang/Object;[Ljava/lang/Object;)Ljava/lang/Object;+6
j  java.lang.reflect.Method.invoke(Ljava/lang/Object;[Ljava/lang/Object;)Ljava/lang/Object;+56
j  com.intellij.rt.execution.application.AppMain.main([Ljava/lang/String;)V+180
v  ~StubRoutines::call_stub

---------------  P R O C E S S  ---------------

Java Threads: ( => current thread )
  0x0000000018a70000 JavaThread "Monitor Ctrl-Break" daemon [_thread_in_native, id=9708, stack(0x0000000018f50000,0x0000000019050000)]
  0x0000000018978800 JavaThread "Service Thread" daemon [_thread_blocked, id=7868, stack(0x0000000018d50000,0x0000000018e50000)]
  0x0000000017106800 JavaThread "C1 CompilerThread2" daemon [_thread_blocked, id=2624, stack(0x0000000018850000,0x0000000018950000)]
  0x00000000170fb800 JavaThread "C2 CompilerThread1" daemon [_thread_blocked, id=7536, stack(0x0000000018750000,0x0000000018850000)]
  0x00000000170f9800 JavaThread "C2 CompilerThread0" daemon [_thread_blocked, id=10260, stack(0x0000000018650000,0x0000000018750000)]
  0x00000000170f8000 JavaThread "Attach Listener" daemon [_thread_blocked, id=9960, stack(0x0000000018550000,0x0000000018650000)]
  0x000000001710e000 JavaThread "Signal Dispatcher" daemon [_thread_blocked, id=2556, stack(0x0000000018450000,0x0000000018550000)]
  0x0000000000ba9800 JavaThread "Finalizer" daemon [_thread_blocked, id=1836, stack(0x0000000018350000,0x0000000018450000)]
  0x0000000000ba1800 JavaThread "Reference Handler" daemon [_thread_blocked, id=10004, stack(0x0000000018250000,0x0000000018350000)]
=>0x000000000054e000 JavaThread "main" [_thread_in_native, id=6016, stack(0x0000000000980000,0x0000000000a80000)]

Other Threads:
  0x00000000170c7800 VMThread [stack: 0x0000000018150000,0x0000000018250000] [id=10024]
  0x000000001715e000 WatcherThread [stack: 0x0000000018e50000,0x0000000018f50000] [id=4332]

VM state:not at safepoint (normal execution)

VM Mutex/Monitor currently owned by a thread: None

Heap:
 PSYoungGen      total 38400K, used 16155K [0x00000000d5d80000, 0x00000000d8800000, 0x0000000100000000)
  eden space 33280K, 48% used [0x00000000d5d80000,0x00000000d6d46df0,0x00000000d7e00000)
  from space 5120K, 0% used [0x00000000d8300000,0x00000000d8300000,0x00000000d8800000)
  to   space 5120K, 0% used [0x00000000d7e00000,0x00000000d7e00000,0x00000000d8300000)
 ParOldGen       total 87552K, used 0K [0x0000000081800000, 0x0000000086d80000, 0x00000000d5d80000)
  object space 87552K, 0% used [0x0000000081800000,0x0000000081800000,0x0000000086d80000)
 Metaspace       used 6939K, capacity 7424K, committed 7680K, reserved 1056768K
  class space    used 902K, capacity 944K, committed 1024K, reserved 1048576K

Card table byte_map: [0x0000000011a70000,0x0000000011e70000] byte_map_base: 0x0000000011664000

Marking Bits: (ParMarkBitMap*) 0x0000000070354040
 Begin Bits: [0x0000000012420000, 0x00000000143c0000)
 End Bits:   [0x00000000143c0000, 0x0000000016360000)

Polling page: 0x00000000001f0000

CodeCache: size=245760Kb used=2237Kb max_used=2249Kb free=243522Kb
 bounds [0x00000000026b0000, 0x0000000002920000, 0x00000000116b0000]
 total_blobs=859 nmethods=388 adapters=384
 compilation: enabled

Compilation events (10 events):
Event: 0.585 Thread 0x0000000017106800 nmethod 383 0x00000000028dd950 code [0x00000000028ddaa0, 0x00000000028ddc30]
Event: 0.585 Thread 0x0000000017106800  384       3       java.lang.reflect.Modifier::isFinal (13 bytes)
Event: 0.585 Thread 0x0000000017106800 nmethod 384 0x00000000028df190 code [0x00000000028df2e0, 0x00000000028df470]
Event: 0.585 Thread 0x0000000017106800  385       1       java.lang.reflect.Field::getDeclaringClass (5 bytes)
Event: 0.585 Thread 0x0000000017106800 nmethod 385 0x00000000028df4d0 code [0x00000000028df620, 0x00000000028df730]
Event: 0.585 Thread 0x0000000017106800  386       3       java.lang.reflect.Field::setFieldAccessor (34 bytes)
Event: 0.585 Thread 0x0000000017106800 nmethod 386 0x00000000028df790 code [0x00000000028df900, 0x00000000028dfc88]
Event: 0.585 Thread 0x0000000017106800  387       3       sun.reflect.MagicAccessorImpl::<init> (5 bytes)
Event: 0.586 Thread 0x0000000017106800 nmethod 387 0x00000000028dfdd0 code [0x00000000028dff20, 0x00000000028e00d0]
Event: 0.602 Thread 0x00000000170f9800  388       4       java.lang.String::substring (79 bytes)

GC Heap History (0 events):
No events

Deoptimization events (5 events):
Event: 0.401 Thread 0x000000000054e000 Uncommon trap: reason=unstable_if action=reinterpret pc=0x00000000028168e8 method=java.lang.String.indexOf([CII[CIII)I @ 134
Event: 0.416 Thread 0x000000000054e000 Uncommon trap: reason=unstable_if action=reinterpret pc=0x0000000002834e78 method=sun.misc.URLClassPath.getLoader(I)Lsun/misc/URLClassPath$Loader; @ 36
Event: 0.417 Thread 0x000000000054e000 Uncommon trap: reason=unstable_if action=reinterpret pc=0x0000000002837590 method=sun.misc.URLClassPath.getLoader(I)Lsun/misc/URLClassPath$Loader; @ 36
Event: 0.417 Thread 0x000000000054e000 Uncommon trap: reason=unstable_if action=reinterpret pc=0x0000000002840c7c method=sun.misc.MetaIndex.mayContain(Ljava/lang/String;)Z @ 13
Event: 0.419 Thread 0x000000000054e000 Uncommon trap: reason=unstable_if action=reinterpret pc=0x0000000002837d80 method=sun.misc.MetaIndex.mayContain(Ljava/lang/String;)Z @ 13

Internal exceptions (6 events):
Event: 0.054 Thread 0x000000000054e000 Exception <a 'java/lang/NoSuchMethodError': Method sun.misc.Unsafe.defineClass(Ljava/lang/String;[BII)Ljava/lang/Class; name or signature does not match> (0x00000000d5d8def0) thrown at [C:\re\workspace\8-2-build-windows-amd64-cygwin\jdk8u51\3951\hotspot\sr½‰3ä«?
Event: 0.054 Thread 0x000000000054e000 Exception <a 'java/lang/NoSuchMethodError': Method sun.misc.Unsafe.prefetchRead(Ljava/lang/Object;J)V name or signature does not match> (0x00000000d5d8e180) thrown at [C:\re\workspace\8-2-build-windows-amd64-cygwin\jdk8u51\3951\hotspot\src\share\vm\prims\jÂÞ?3{ÄÚ?
Event: 0.418 Thread 0x000000000054e000 Exception <a 'java/security/PrivilegedActionException'> (0x00000000d6996790) thrown at [C:\re\workspace\8-2-build-windows-amd64-cygwin\jdk8u51\3951\hotspot\src\share\vm\prims\jvm.cpp, line 1382]
Event: 0.418 Thread 0x000000000054e000 Exception <a 'java/security/PrivilegedActionException'> (0x00000000d6996948) thrown at [C:\re\workspace\8-2-build-windows-amd64-cygwin\jdk8u51\3951\hotspot\src\share\vm\prims\jvm.cpp, line 1382]
Event: 0.419 Thread 0x000000000054e000 Exception <a 'java/security/PrivilegedActionException'> (0x00000000d699a6e0) thrown at [C:\re\workspace\8-2-build-windows-amd64-cygwin\jdk8u51\3951\hotspot\src\share\vm\prims\jvm.cpp, line 1382]
Event: 0.419 Thread 0x000000000054e000 Exception <a 'java/security/PrivilegedActionException'> (0x00000000d699a898) thrown at [C:\re\workspace\8-2-build-windows-amd64-cygwin\jdk8u51\3951\hotspot\src\share\vm\prims\jvm.cpp, line 1382]

Events (10 events):
Event: 0.577 loading class org/lwjgl/glfw/GLFWErrorCallback$3$1
Event: 0.577 loading class org/lwjgl/glfw/GLFWErrorCallback$3$1 done
Event: 0.578 loading class org/lwjgl/glfw/GLFW
Event: 0.578 loading class org/lwjgl/glfw/GLFW done
Event: 0.584 loading class sun/reflect/UnsafeQualifiedStaticIntegerFieldAccessorImpl
Event: 0.584 loading class sun/reflect/UnsafeQualifiedStaticIntegerFieldAccessorImpl done
Event: 0.601 loading class engine/window/Window$
Event: 0.601 loading class engine/window/Window$ done
Event: 0.601 loading class org/lwjgl/glfw/EventLoop$OffScreen
Event: 0.601 loading class org/lwjgl/glfw/EventLoop$OffScreen done


Dynamic libraries:
0x00007ff6b0d50000 - 0x00007ff6b0d87000 	C:\Program Files\Java\jdk1.8.0_51\bin\java.exe
0x00007fffafcc0000 - 0x00007fffafe81000 	C:\WINDOWS\SYSTEM32\ntdll.dll
0x00007fffae0d0000 - 0x00007fffae17d000 	C:\WINDOWS\system32\KERNEL32.DLL
0x00007fffacc90000 - 0x00007ffface78000 	C:\WINDOWS\system32\KERNELBASE.dll
0x00007fffafaf0000 - 0x00007fffafb97000 	C:\WINDOWS\system32\ADVAPI32.dll
0x00007fffad7a0000 - 0x00007fffad83d000 	C:\WINDOWS\system32\msvcrt.dll
0x00007fffad350000 - 0x00007fffad3ab000 	C:\WINDOWS\system32\sechost.dll
0x00007fffaf960000 - 0x00007fffafa7c000 	C:\WINDOWS\system32\RPCRT4.dll
0x00007fffad3b0000 - 0x00007fffad506000 	C:\WINDOWS\system32\USER32.dll
0x00007fffad840000 - 0x00007fffad9c6000 	C:\WINDOWS\system32\GDI32.dll
0x00007fff9df60000 - 0x00007fff9e1d4000 	C:\WINDOWS\WinSxS\amd64_microsoft.windows.common-controls_6595b64144ccf1df_6.0.10586.0_none_8c15ae12515e1c22\COMCTL32.dll
0x00007fffad0c0000 - 0x00007fffad33d000 	C:\WINDOWS\system32\combase.dll
0x00007fffad050000 - 0x00007fffad0ba000 	C:\WINDOWS\system32\bcryptPrimitives.dll
0x00007fffafc00000 - 0x00007fffafc3b000 	C:\WINDOWS\system32\IMM32.DLL
0x00000000703e0000 - 0x00000000704b2000 	C:\Program Files\Java\jdk1.8.0_51\jre\bin\msvcr100.dll
0x000000006fb50000 - 0x00000000703d3000 	C:\Program Files\Java\jdk1.8.0_51\jre\bin\server\jvm.dll
0x00007fffad340000 - 0x00007fffad348000 	C:\WINDOWS\system32\PSAPI.DLL
0x00007fffaa620000 - 0x00007fffaa643000 	C:\WINDOWS\SYSTEM32\WINMM.dll
0x00007fffa8840000 - 0x00007fffa8849000 	C:\WINDOWS\SYSTEM32\WSOCK32.dll
0x00007fffa79d0000 - 0x00007fffa79da000 	C:\WINDOWS\SYSTEM32\VERSION.dll
0x00007fffaa390000 - 0x00007fffaa3bc000 	C:\WINDOWS\SYSTEM32\WINMMBASE.dll
0x00007fffacb80000 - 0x00007fffacbc3000 	C:\WINDOWS\system32\cfgmgr32.dll
0x00007fffadae0000 - 0x00007fffadb4b000 	C:\WINDOWS\system32\WS2_32.dll
0x000000006fb40000 - 0x000000006fb4f000 	C:\Program Files\Java\jdk1.8.0_51\jre\bin\verify.dll
0x000000006fb10000 - 0x000000006fb39000 	C:\Program Files\Java\jdk1.8.0_51\jre\bin\java.dll
0x000000006faf0000 - 0x000000006fb06000 	C:\Program Files\Java\jdk1.8.0_51\jre\bin\zip.dll
0x00007fffae390000 - 0x00007fffaf8ef000 	C:\WINDOWS\system32\SHELL32.dll
0x00007fffac530000 - 0x00007fffacb74000 	C:\WINDOWS\system32\windows.storage.dll
0x00007fffaf900000 - 0x00007fffaf952000 	C:\WINDOWS\system32\shlwapi.dll
0x00007fffac360000 - 0x00007fffac36f000 	C:\WINDOWS\system32\kernel.appcore.dll
0x00007fffacbd0000 - 0x00007fffacc85000 	C:\WINDOWS\system32\shcore.dll
0x00007fffac300000 - 0x00007fffac34b000 	C:\WINDOWS\system32\powrprof.dll
0x00007fffac2e0000 - 0x00007fffac2f4000 	C:\WINDOWS\system32\profapi.dll
0x00007fffaa5a0000 - 0x00007fffaa5b0000 	D:\Dev\IntellijU\bin\breakgen64.dll
0x000000006fad0000 - 0x000000006faea000 	C:\Program Files\Java\jdk1.8.0_51\jre\bin\net.dll
0x00007fffabc10000 - 0x00007fffabc6c000 	C:\WINDOWS\system32\mswsock.dll
0x000000006fab0000 - 0x000000006fac1000 	C:\Program Files\Java\jdk1.8.0_51\jre\bin\nio.dll
0x00007fff9aa30000 - 0x00007fff9aa68000 	C:\Users\Razim\AppData\Local\Temp\lwjglNatives\glfw.dll
0x00007fffabde0000 - 0x00007fffabdeb000 	C:\WINDOWS\SYSTEM32\CRYPTBASE.DLL
0x00007fff9a310000 - 0x00007fff9a352000 	C:\Users\Razim\AppData\Local\Temp\lwjglNatives\jemalloc.dll
0x00007fff99d00000 - 0x00007fff99d88000 	C:\Users\Razim\AppData\Local\Temp\lwjglNatives\lwjgl.dll
0x00007fff99c20000 - 0x00007fff99cf9000 	C:\Users\Razim\AppData\Local\Temp\lwjglNatives\OpenAL.dll
0x00007fffadf80000 - 0x00007fffae0c3000 	C:\WINDOWS\system32\ole32.dll
0x00007fffaabb0000 - 0x00007fffaac46000 	C:\WINDOWS\system32\uxtheme.dll
0x00007fffa9c50000 - 0x00007fffa9c72000 	C:\WINDOWS\SYSTEM32\dwmapi.dll
0x00007fff93220000 - 0x00007fff93349000 	C:\WINDOWS\SYSTEM32\opengl32.dll
0x00007fff93040000 - 0x00007fff9306e000 	C:\WINDOWS\SYSTEM32\GLU32.dll
0x00007fff930e0000 - 0x00007fff931da000 	C:\WINDOWS\SYSTEM32\DDRAW.dll
0x00007fff9bf00000 - 0x00007fff9bf08000 	C:\WINDOWS\SYSTEM32\DCIMAN32.dll
0x00007fff9aa70000 - 0x00007fff9abfc000 	C:\WINDOWS\SYSTEM32\dbghelp.dll

VM Arguments:
jvm_args: -Didea.launcher.port=7533 -Didea.launcher.bin.path=D:\Dev\IntellijU\bin -Dfile.encoding=UTF-8 
java_command: com.intellij.rt.execution.application.AppMain test.Main
java_class_path (initial): C:\Program Files\Java\jdk1.8.0_51\jre\lib\charsets.jar;C:\Program Files\Java\jdk1.8.0_51\jre\lib\deploy.jar;C:\Program Files\Java\jdk1.8.0_51\jre\lib\javaws.jar;C:\Program Files\Java\jdk1.8.0_51\jre\lib\jce.jar;C:\Program Files\Java\jdk1.8.0_51\jre\lib\jfr.jar;C:\Program Files\Java\jdk1.8.0_51\jre\lib\jfxswt.jar;C:\Program Files\Java\jdk1.8.0_51\jre\lib\jsse.jar;C:\Program Files\Java\jdk1.8.0_51\jre\lib\management-agent.jar;C:\Program Files\Java\jdk1.8.0_51\jre\lib\plugin.jar;C:\Program Files\Java\jdk1.8.0_51\jre\lib\resources.jar;C:\Program Files\Java\jdk1.8.0_51\jre\lib\rt.jar;C:\Program Files\Java\jdk1.8.0_51\jre\lib\ext\access-bridge-64.jar;C:\Program Files\Java\jdk1.8.0_51\jre\lib\ext\cldrdata.jar;C:\Program Files\Java\jdk1.8.0_51\jre\lib\ext\dnsns.jar;C:\Program Files\Java\jdk1.8.0_51\jre\lib\ext\jaccess.jar;C:\Program Files\Java\jdk1.8.0_51\jre\lib\ext\jfxrt.jar;C:\Program Files\Java\jdk1.8.0_51\jre\lib\ext\localedata.jar;C:\Program Files\Java\jdk1.8.0_51\jre\lib\ext\nashorn.jar;C:\Program Files\Java\jdk1.8.0_51\jre\lib\ext\sunec.jar;C:\Program Files\Java\jdk1.8.0_51\jre\lib\ext\sunjce_provider.jar;C:\Program Files\Java\jdk1.8.0_51\jre\lib\ext\sunmscapi.jar;C:\Program Files\Java\jdk1.8.0_51\jre\lib\ext\sunpkcs11.jar;C:\Program Files\Java\jdk1.8.0_51\jre\lib\ext\zipfs.jar;D:\Dev\Projects\3DGameEngine\target\scala-2.11\classes;C:\Users\Razim\.ivy2\cache\org.scala-lang\scala-library\jars\scala-library-2.11.7.jar;D:\Dev\Projects\3DGameEngine\lib\lwjgl.jar;D:\Dev\Projects\3DGameEngine\lib\commons-io-2.4.jar;D:\Dev\IntellijU\lib\idea_rt.jar
Launcher Type: SUN_STANDARD

Environment Variables:
JAVA_HOME=D:\Dev\jdk8.51
PATH=C:\ProgramData\Oracle\Java\javapath;C:\WINDOWS\system32;C:\WINDOWS;C:\WINDOWS\System32\Wbem;C:\WINDOWS\System32\WindowsPowerShell\v1.0\;D:\Dev\clisp;D:\Dev\CMake\bin;D:\Dev\Git\cmd;D:\Dev\Sbt\bin;D:\Dev\Scala\bin;C:\Program Files\Java\jdk1.8.0_51\bin;C:\Program Files\Java\jdk1.8.0_51\jre\bin;C:\WINDOWS\system32;C:\WINDOWS;C:\WINDOWS\System32\Wbem;C:\WINDOWS\System32\WindowsPowerShell\v1.0\;D:\Dev\Haxe\haxe\;D:\Dev\Haxe\neko;
USERNAME=Razim
OS=Windows_NT
PROCESSOR_IDENTIFIER=Intel64 Family 6 Model 61 Stepping 4, GenuineIntel



---------------  S Y S T E M  ---------------

OS: Windows 10.0 , 64 bit Build 10586 (10.0.10586.0)

CPU:total 4 (2 cores per cpu, 2 threads per core) family 6 model 61 stepping 4, cmov, cx8, fxsr, mmx, sse, sse2, sse3, ssse3, sse4.1, sse4.2, popcnt, avx, avx2, aes, clmul, erms, 3dnowpref, lzcnt, ht, tsc, tscinvbit, bmi1, bmi2, adx

Memory: 4k page, physical 8289016k(4203432k free), swap 9599736k(4334548k free)

vm_info: Java HotSpot(TM) 64-Bit Server VM (25.51-b03) for windows-amd64 JRE (1.8.0_51-b16), built on Jun  8 2015 18:03:07 by "java_re" with MS VC++ 10.0 (VS2010)

time: Tue Jan 05 11:00:24 2016
elapsed time: 0 seconds (0d 0h 0m 0s)

