#
# A fatal error has been detected by the Java Runtime Environment:
#
#  EXCEPTION_ACCESS_VIOLATION (0xc0000005) at pc=0x00007fff9aa339ab, pid=1356, tid=9292
#
# JRE version: Java(TM) SE Runtime Environment (8.0_51-b16) (build 1.8.0_51-b16)
# Java VM: Java HotSpot(TM) 64-Bit Server VM (25.51-b03 mixed mode windows-amd64 compressed oops)
# Problematic frame:
# C  [glfw.dll+0x39ab]
#
# Failed to write core dump. Minidumps are not enabled by default on client versions of Windows
#
# If you would like to submit a bug report, please visit:
#   http://bugreport.java.com/bugreport/crash.jsp
# The crash happened outside the Java Virtual Machine in native code.
# See problematic frame for where to report the bug.
#

---------------  T H R E A D  ---------------

Current thread (0x0000000000bde000):  JavaThread "main" [_thread_in_native, id=9292, stack(0x0000000000d60000,0x0000000000e60000)]

siginfo: ExceptionCode=0xc0000005, reading address 0x00000000000001d9

Registers:
RAX=0x0000000000000001, RBX=0x0000000016dd2818, RCX=0x0000000000000500, RDX=0x00000000000002d0
RSP=0x0000000000e5e980, RBP=0x0000000000e5ea31, RSI=0x00000000000002d0, RDI=0x0000000000000500
R8 =0x0000000019153b40, R9 =0x0000000000000001, R10=0x0000000002615e08, R11=0x00007fff9aa338d0
R12=0x0000000000000000, R13=0x0000000016dd2818, R14=0x0000000000e5ebb0, R15=0x0000000000bde000
RIP=0x00007fff9aa339ab, EFLAGS=0x0000000000010202

Top of Stack: (sp=0x0000000000e5e980)
0x0000000000e5e980:   0000000000000000 0000000000e5ebb0
0x0000000000e5e990:   0000000000000000 0000000000000000
0x0000000000e5e9a0:   0000000000e5ea00 000002d000000500
0x0000000000e5e9b0:   0000000019153b40 0000000100000001
0x0000000000e5e9c0:   0000000100000001 0000000000000001
0x0000000000e5e9d0:   0000000000000001 0000000100030001
0x0000000000e5e9e0:   0000000000000000 0000000000000000
0x0000000000e5e9f0:   0000000000000000 0000000000000000
0x0000000000e5ea00:   0000000000000001 000000006fc09836
0x0000000000e5ea10:   0000000800000008 0000000800000008
0x0000000000e5ea20:   0000000800000018 0000000000000000
0x0000000000e5ea30:   0000000000000000 0000000000000000
0x0000000000e5ea40:   0000000000000000 0000000000000001
0x0000000000e5ea50:   0000f93dda100893 0000000002615cc6
0x0000000000e5ea60:   0000000000000000 0000000000bde000
0x0000000000e5ea70:   0000000002607800 0000000000000118 

Instructions: (pc=0x00007fff9aa339ab)
0x00007fff9aa3398b:   0f 11 45 c7 48 89 45 cf 0f 10 05 96 c0 02 00 0f
0x00007fff9aa3399b:   11 4d 97 4c 89 4d 9f 0f 11 45 87 48 85 c0 74 1c
0x00007fff9aa339ab:   83 b8 d8 01 00 00 00 75 13 33 d2 b9 0a 00 01 00
0x00007fff9aa339bb:   e8 30 e4 ff ff 33 c0 e9 01 01 00 00 4d 85 c9 74 


Register to memory mapping:

RAX=0x0000000000000001 is an unknown value
RBX={method} {0x0000000016dd2820} 'invokeIIPPPP' '(JIIJJJ)J' in 'org/lwjgl/system/JNI'
RCX=0x0000000000000500 is an unknown value
RDX=0x00000000000002d0 is an unknown value
RSP=0x0000000000e5e980 is pointing into the stack for thread: 0x0000000000bde000
RBP=0x0000000000e5ea31 is pointing into the stack for thread: 0x0000000000bde000
RSI=0x00000000000002d0 is an unknown value
RDI=0x0000000000000500 is an unknown value
R8 =0x0000000019153b40 is an unknown value
R9 =0x0000000000000001 is an unknown value
R10=0x0000000002615e08 is at code_begin+840 in an Interpreter codelet
method entry point (kind = native)  [0x0000000002615ac0, 0x0000000002616420]  2400 bytes
R11=0x00007fff9aa338d0 is an unknown value
R12=0x0000000000000000 is an unknown value
R13={method} {0x0000000016dd2820} 'invokeIIPPPP' '(JIIJJJ)J' in 'org/lwjgl/system/JNI'
R14=0x0000000000e5ebb0 is pointing into the stack for thread: 0x0000000000bde000
R15=0x0000000000bde000 is a thread


Stack: [0x0000000000d60000,0x0000000000e60000],  sp=0x0000000000e5e980,  free space=1018k
Native frames: (J=compiled Java code, j=interpreted, Vv=VM code, C=native code)
C  [glfw.dll+0x39ab]
C  0x0000000002615e34

Java frames: (J=compiled Java code, j=interpreted, Vv=VM code)
j  org.lwjgl.system.JNI.invokeIIPPPP(JIIJJJ)J+0
j  org.lwjgl.glfw.GLFW.nglfwCreateWindow(IIJJJ)J+17
j  org.lwjgl.glfw.GLFW.glfwCreateWindow(IILjava/lang/CharSequence;JJ)J+29
j  engine.window.Window$.createWindow(IILjava/lang/String;)J+29
j  engine.core.Engine$.start()V+15
j  test.Main$.main([Ljava/lang/String;)V+9
j  test.Main.main([Ljava/lang/String;)V+4
v  ~StubRoutines::call_stub
j  sun.reflect.NativeMethodAccessorImpl.invoke0(Ljava/lang/reflect/Method;Ljava/lang/Object;[Ljava/lang/Object;)Ljava/lang/Object;+0
j  sun.reflect.NativeMethodAccessorImpl.invoke(Ljava/lang/Object;[Ljava/lang/Object;)Ljava/lang/Object;+100
j  sun.reflect.DelegatingMethodAccessorImpl.invoke(Ljava/lang/Object;[Ljava/lang/Object;)Ljava/lang/Object;+6
j  java.lang.reflect.Method.invoke(Ljava/lang/Object;[Ljava/lang/Object;)Ljava/lang/Object;+56
j  com.intellij.rt.execution.application.AppMain.main([Ljava/lang/String;)V+180
v  ~StubRoutines::call_stub

---------------  P R O C E S S  ---------------

Java Threads: ( => current thread )
  0x0000000018acf800 JavaThread "Monitor Ctrl-Break" daemon [_thread_in_native, id=9084, stack(0x0000000018fb0000,0x00000000190b0000)]
  0x00000000189d5000 JavaThread "Service Thread" daemon [_thread_blocked, id=1168, stack(0x0000000018db0000,0x0000000018eb0000)]
  0x0000000017157800 JavaThread "C1 CompilerThread2" daemon [_thread_blocked, id=8396, stack(0x00000000188b0000,0x00000000189b0000)]
  0x0000000017150000 JavaThread "C2 CompilerThread1" daemon [_thread_blocked, id=640, stack(0x00000000187b0000,0x00000000188b0000)]
  0x000000001714b000 JavaThread "C2 CompilerThread0" daemon [_thread_blocked, id=9716, stack(0x00000000186b0000,0x00000000187b0000)]
  0x0000000017149000 JavaThread "Attach Listener" daemon [_thread_blocked, id=1532, stack(0x00000000185b0000,0x00000000186b0000)]
  0x0000000017148000 JavaThread "Signal Dispatcher" daemon [_thread_blocked, id=6700, stack(0x00000000184b0000,0x00000000185b0000)]
  0x0000000000f56800 JavaThread "Finalizer" daemon [_thread_blocked, id=9456, stack(0x00000000183b0000,0x00000000184b0000)]
  0x0000000000f4e000 JavaThread "Reference Handler" daemon [_thread_blocked, id=9764, stack(0x00000000182b0000,0x00000000183b0000)]
=>0x0000000000bde000 JavaThread "main" [_thread_in_native, id=9292, stack(0x0000000000d60000,0x0000000000e60000)]

Other Threads:
  0x0000000017117800 VMThread [stack: 0x00000000181b0000,0x00000000182b0000] [id=7368]
  0x00000000189e0000 WatcherThread [stack: 0x0000000018eb0000,0x0000000018fb0000] [id=6124]

VM state:not at safepoint (normal execution)

VM Mutex/Monitor currently owned by a thread: None

Heap:
 PSYoungGen      total 38400K, used 16155K [0x00000000d5d80000, 0x00000000d8800000, 0x0000000100000000)
  eden space 33280K, 48% used [0x00000000d5d80000,0x00000000d6d46dc0,0x00000000d7e00000)
  from space 5120K, 0% used [0x00000000d8300000,0x00000000d8300000,0x00000000d8800000)
  to   space 5120K, 0% used [0x00000000d7e00000,0x00000000d7e00000,0x00000000d8300000)
 ParOldGen       total 87552K, used 0K [0x0000000081800000, 0x0000000086d80000, 0x00000000d5d80000)
  object space 87552K, 0% used [0x0000000081800000,0x0000000081800000,0x0000000086d80000)
 Metaspace       used 6940K, capacity 7424K, committed 7680K, reserved 1056768K
  class space    used 902K, capacity 944K, committed 1024K, reserved 1048576K

Card table byte_map: [0x00000000119c0000,0x0000000011dc0000] byte_map_base: 0x00000000115b4000

Marking Bits: (ParMarkBitMap*) 0x0000000070354040
 Begin Bits: [0x0000000012470000, 0x0000000014410000)
 End Bits:   [0x0000000014410000, 0x00000000163b0000)

Polling page: 0x00000000005e0000

CodeCache: size=245760Kb used=2254Kb max_used=2266Kb free=243505Kb
 bounds [0x0000000002600000, 0x0000000002870000, 0x0000000011600000]
 total_blobs=867 nmethods=396 adapters=384
 compilation: enabled

Compilation events (10 events):
Event: 0.623 Thread 0x0000000017157800 nmethod 391 0x0000000002832990 code [0x0000000002832ae0, 0x0000000002832c70]
Event: 0.623 Thread 0x0000000017157800  392       3       java.lang.reflect.Modifier::isFinal (13 bytes)
Event: 0.623 Thread 0x0000000017157800 nmethod 392 0x0000000002832cd0 code [0x0000000002832e20, 0x0000000002832fb0]
Event: 0.623 Thread 0x0000000017157800  393       1       java.lang.reflect.Field::getDeclaringClass (5 bytes)
Event: 0.623 Thread 0x0000000017157800 nmethod 393 0x0000000002833010 code [0x0000000002833160, 0x0000000002833270]
Event: 0.623 Thread 0x0000000017157800  394       3       java.lang.reflect.Field::setFieldAccessor (34 bytes)
Event: 0.623 Thread 0x0000000017157800 nmethod 394 0x00000000028332d0 code [0x0000000002833440, 0x00000000028337c8]
Event: 0.623 Thread 0x0000000017157800  395       3       sun.reflect.MagicAccessorImpl::<init> (5 bytes)
Event: 0.624 Thread 0x0000000017157800 nmethod 395 0x0000000002833910 code [0x0000000002833a60, 0x0000000002833c10]
Event: 0.633 Thread 0x000000001714b000  396       4       java.lang.String::substring (79 bytes)

GC Heap History (0 events):
No events

Deoptimization events (5 events):
Event: 0.441 Thread 0x0000000000bde000 Uncommon trap: reason=unstable_if action=reinterpret pc=0x0000000002767928 method=java.lang.String.indexOf([CII[CIII)I @ 134
Event: 0.473 Thread 0x0000000000bde000 Uncommon trap: reason=unstable_if action=reinterpret pc=0x0000000002789238 method=sun.misc.URLClassPath.getLoader(I)Lsun/misc/URLClassPath$Loader; @ 36
Event: 0.474 Thread 0x0000000000bde000 Uncommon trap: reason=unstable_if action=reinterpret pc=0x0000000002784bd0 method=sun.misc.URLClassPath.getLoader(I)Lsun/misc/URLClassPath$Loader; @ 36
Event: 0.475 Thread 0x0000000000bde000 Uncommon trap: reason=unstable_if action=reinterpret pc=0x00000000027924fc method=sun.misc.MetaIndex.mayContain(Ljava/lang/String;)Z @ 13
Event: 0.476 Thread 0x0000000000bde000 Uncommon trap: reason=unstable_if action=reinterpret pc=0x00000000027868c0 method=sun.misc.MetaIndex.mayContain(Ljava/lang/String;)Z @ 13

Internal exceptions (6 events):
Event: 0.053 Thread 0x0000000000bde000 Exception <a 'java/lang/NoSuchMethodError': Method sun.misc.Unsafe.defineClass(Ljava/lang/String;[BII)Ljava/lang/Class; name or signature does not match> (0x00000000d5d8def0) thrown at [C:\re\workspace\8-2-build-windows-amd64-cygwin\jdk8u51\3951\hotspot\srGñö4«?
Event: 0.053 Thread 0x0000000000bde000 Exception <a 'java/lang/NoSuchMethodError': Method sun.misc.Unsafe.prefetchRead(Ljava/lang/Object;J)V name or signature does not match> (0x00000000d5d8e180) thrown at [C:\re\workspace\8-2-build-windows-amd64-cygwin\jdk8u51\3951\hotspot\src\share\vm\prims\j'’…*rÞ?
Event: 0.476 Thread 0x0000000000bde000 Exception <a 'java/security/PrivilegedActionException'> (0x00000000d6996760) thrown at [C:\re\workspace\8-2-build-windows-amd64-cygwin\jdk8u51\3951\hotspot\src\share\vm\prims\jvm.cpp, line 1382]
Event: 0.476 Thread 0x0000000000bde000 Exception <a 'java/security/PrivilegedActionException'> (0x00000000d6996918) thrown at [C:\re\workspace\8-2-build-windows-amd64-cygwin\jdk8u51\3951\hotspot\src\share\vm\prims\jvm.cpp, line 1382]
Event: 0.477 Thread 0x0000000000bde000 Exception <a 'java/security/PrivilegedActionException'> (0x00000000d699a6b0) thrown at [C:\re\workspace\8-2-build-windows-amd64-cygwin\jdk8u51\3951\hotspot\src\share\vm\prims\jvm.cpp, line 1382]
Event: 0.477 Thread 0x0000000000bde000 Exception <a 'java/security/PrivilegedActionException'> (0x00000000d699a868) thrown at [C:\re\workspace\8-2-build-windows-amd64-cygwin\jdk8u51\3951\hotspot\src\share\vm\prims\jvm.cpp, line 1382]

Events (10 events):
Event: 0.618 loading class org/lwjgl/glfw/GLFWErrorCallback$3$1
Event: 0.618 loading class org/lwjgl/glfw/GLFWErrorCallback$3$1 done
Event: 0.618 loading class org/lwjgl/glfw/GLFW
Event: 0.618 loading class org/lwjgl/glfw/GLFW done
Event: 0.622 loading class sun/reflect/UnsafeQualifiedStaticIntegerFieldAccessorImpl
Event: 0.622 loading class sun/reflect/UnsafeQualifiedStaticIntegerFieldAccessorImpl done
Event: 0.632 loading class engine/window/Window$
Event: 0.632 loading class engine/window/Window$ done
Event: 0.633 loading class org/lwjgl/glfw/EventLoop$OffScreen
Event: 0.633 loading class org/lwjgl/glfw/EventLoop$OffScreen done


Dynamic libraries:
0x00007ff6b0d50000 - 0x00007ff6b0d87000 	C:\Program Files\Java\jdk1.8.0_51\bin\java.exe
0x00007fffafcc0000 - 0x00007fffafe81000 	C:\WINDOWS\SYSTEM32\ntdll.dll
0x00007fffae0d0000 - 0x00007fffae17d000 	C:\WINDOWS\system32\KERNEL32.DLL
0x00007fffacc90000 - 0x00007ffface78000 	C:\WINDOWS\system32\KERNELBASE.dll
0x00007fffafaf0000 - 0x00007fffafb97000 	C:\WINDOWS\system32\ADVAPI32.dll
0x00007fffad7a0000 - 0x00007fffad83d000 	C:\WINDOWS\system32\msvcrt.dll
0x00007fffad350000 - 0x00007fffad3ab000 	C:\WINDOWS\system32\sechost.dll
0x00007fffaf960000 - 0x00007fffafa7c000 	C:\WINDOWS\system32\RPCRT4.dll
0x00007fffad3b0000 - 0x00007fffad506000 	C:\WINDOWS\system32\USER32.dll
0x00007fffad840000 - 0x00007fffad9c6000 	C:\WINDOWS\system32\GDI32.dll
0x00007fff9df60000 - 0x00007fff9e1d4000 	C:\WINDOWS\WinSxS\amd64_microsoft.windows.common-controls_6595b64144ccf1df_6.0.10586.0_none_8c15ae12515e1c22\COMCTL32.dll
0x00007fffad0c0000 - 0x00007fffad33d000 	C:\WINDOWS\system32\combase.dll
0x00007fffad050000 - 0x00007fffad0ba000 	C:\WINDOWS\system32\bcryptPrimitives.dll
0x00007fffafc00000 - 0x00007fffafc3b000 	C:\WINDOWS\system32\IMM32.DLL
0x00000000703e0000 - 0x00000000704b2000 	C:\Program Files\Java\jdk1.8.0_51\jre\bin\msvcr100.dll
0x000000006fb50000 - 0x00000000703d3000 	C:\Program Files\Java\jdk1.8.0_51\jre\bin\server\jvm.dll
0x00007fffad340000 - 0x00007fffad348000 	C:\WINDOWS\system32\PSAPI.DLL
0x00007fffa8840000 - 0x00007fffa8849000 	C:\WINDOWS\SYSTEM32\WSOCK32.dll
0x00007fffaa620000 - 0x00007fffaa643000 	C:\WINDOWS\SYSTEM32\WINMM.dll
0x00007fffa79d0000 - 0x00007fffa79da000 	C:\WINDOWS\SYSTEM32\VERSION.dll
0x00007fffadae0000 - 0x00007fffadb4b000 	C:\WINDOWS\system32\WS2_32.dll
0x00007fffaa390000 - 0x00007fffaa3bc000 	C:\WINDOWS\SYSTEM32\WINMMBASE.dll
0x00007fffacb80000 - 0x00007fffacbc3000 	C:\WINDOWS\system32\cfgmgr32.dll
0x000000006fb40000 - 0x000000006fb4f000 	C:\Program Files\Java\jdk1.8.0_51\jre\bin\verify.dll
0x000000006fb10000 - 0x000000006fb39000 	C:\Program Files\Java\jdk1.8.0_51\jre\bin\java.dll
0x000000006faf0000 - 0x000000006fb06000 	C:\Program Files\Java\jdk1.8.0_51\jre\bin\zip.dll
0x00007fffae390000 - 0x00007fffaf8ef000 	C:\WINDOWS\system32\SHELL32.dll
0x00007fffac530000 - 0x00007fffacb74000 	C:\WINDOWS\system32\windows.storage.dll
0x00007fffaf900000 - 0x00007fffaf952000 	C:\WINDOWS\system32\shlwapi.dll
0x00007fffac360000 - 0x00007fffac36f000 	C:\WINDOWS\system32\kernel.appcore.dll
0x00007fffacbd0000 - 0x00007fffacc85000 	C:\WINDOWS\system32\shcore.dll
0x00007fffac300000 - 0x00007fffac34b000 	C:\WINDOWS\system32\powrprof.dll
0x00007fffac2e0000 - 0x00007fffac2f4000 	C:\WINDOWS\system32\profapi.dll
0x00007fffaa5a0000 - 0x00007fffaa5b0000 	D:\Dev\IntellijU\bin\breakgen64.dll
0x000000006fad0000 - 0x000000006faea000 	C:\Program Files\Java\jdk1.8.0_51\jre\bin\net.dll
0x00007fffabc10000 - 0x00007fffabc6c000 	C:\WINDOWS\system32\mswsock.dll
0x000000006fab0000 - 0x000000006fac1000 	C:\Program Files\Java\jdk1.8.0_51\jre\bin\nio.dll
0x00007fff9aa30000 - 0x00007fff9aa68000 	C:\Users\Razim\AppData\Local\Temp\lwjglNatives\glfw.dll
0x00007fffabde0000 - 0x00007fffabdeb000 	C:\WINDOWS\SYSTEM32\CRYPTBASE.DLL
0x00007fff9a310000 - 0x00007fff9a352000 	C:\Users\Razim\AppData\Local\Temp\lwjglNatives\jemalloc.dll
0x00007fff99d00000 - 0x00007fff99d88000 	C:\Users\Razim\AppData\Local\Temp\lwjglNatives\lwjgl.dll
0x00007fff99c20000 - 0x00007fff99cf9000 	C:\Users\Razim\AppData\Local\Temp\lwjglNatives\OpenAL.dll
0x00007fffadf80000 - 0x00007fffae0c3000 	C:\WINDOWS\system32\ole32.dll
0x00007fffaabb0000 - 0x00007fffaac46000 	C:\WINDOWS\system32\uxtheme.dll
0x00007fffa9c50000 - 0x00007fffa9c72000 	C:\WINDOWS\SYSTEM32\dwmapi.dll
0x00007fff93220000 - 0x00007fff93349000 	C:\WINDOWS\SYSTEM32\opengl32.dll
0x00007fff93040000 - 0x00007fff9306e000 	C:\WINDOWS\SYSTEM32\GLU32.dll
0x00007fff930e0000 - 0x00007fff931da000 	C:\WINDOWS\SYSTEM32\DDRAW.dll
0x00007fff9bf00000 - 0x00007fff9bf08000 	C:\WINDOWS\SYSTEM32\DCIMAN32.dll
0x00007fff9aa70000 - 0x00007fff9abfc000 	C:\WINDOWS\SYSTEM32\dbghelp.dll

VM Arguments:
jvm_args: -Didea.launcher.port=7533 -Didea.launcher.bin.path=D:\Dev\IntellijU\bin -Dfile.encoding=UTF-8 
java_command: com.intellij.rt.execution.application.AppMain test.Main
java_class_path (initial): C:\Program Files\Java\jdk1.8.0_51\jre\lib\charsets.jar;C:\Program Files\Java\jdk1.8.0_51\jre\lib\deploy.jar;C:\Program Files\Java\jdk1.8.0_51\jre\lib\javaws.jar;C:\Program Files\Java\jdk1.8.0_51\jre\lib\jce.jar;C:\Program Files\Java\jdk1.8.0_51\jre\lib\jfr.jar;C:\Program Files\Java\jdk1.8.0_51\jre\lib\jfxswt.jar;C:\Program Files\Java\jdk1.8.0_51\jre\lib\jsse.jar;C:\Program Files\Java\jdk1.8.0_51\jre\lib\management-agent.jar;C:\Program Files\Java\jdk1.8.0_51\jre\lib\plugin.jar;C:\Program Files\Java\jdk1.8.0_51\jre\lib\resources.jar;C:\Program Files\Java\jdk1.8.0_51\jre\lib\rt.jar;C:\Program Files\Java\jdk1.8.0_51\jre\lib\ext\access-bridge-64.jar;C:\Program Files\Java\jdk1.8.0_51\jre\lib\ext\cldrdata.jar;C:\Program Files\Java\jdk1.8.0_51\jre\lib\ext\dnsns.jar;C:\Program Files\Java\jdk1.8.0_51\jre\lib\ext\jaccess.jar;C:\Program Files\Java\jdk1.8.0_51\jre\lib\ext\jfxrt.jar;C:\Program Files\Java\jdk1.8.0_51\jre\lib\ext\localedata.jar;C:\Program Files\Java\jdk1.8.0_51\jre\lib\ext\nashorn.jar;C:\Program Files\Java\jdk1.8.0_51\jre\lib\ext\sunec.jar;C:\Program Files\Java\jdk1.8.0_51\jre\lib\ext\sunjce_provider.jar;C:\Program Files\Java\jdk1.8.0_51\jre\lib\ext\sunmscapi.jar;C:\Program Files\Java\jdk1.8.0_51\jre\lib\ext\sunpkcs11.jar;C:\Program Files\Java\jdk1.8.0_51\jre\lib\ext\zipfs.jar;D:\Dev\Projects\3DGameEngine\target\scala-2.11\classes;C:\Users\Razim\.ivy2\cache\org.scala-lang\scala-library\jars\scala-library-2.11.7.jar;D:\Dev\Projects\3DGameEngine\lib\lwjgl.jar;D:\Dev\Projects\3DGameEngine\lib\commons-io-2.4.jar;D:\Dev\IntellijU\lib\idea_rt.jar
Launcher Type: SUN_STANDARD

Environment Variables:
JAVA_HOME=D:\Dev\jdk8.51
PATH=C:\ProgramData\Oracle\Java\javapath;C:\WINDOWS\system32;C:\WINDOWS;C:\WINDOWS\System32\Wbem;C:\WINDOWS\System32\WindowsPowerShell\v1.0\;D:\Dev\clisp;D:\Dev\CMake\bin;D:\Dev\Git\cmd;D:\Dev\Sbt\bin;D:\Dev\Scala\bin;C:\Program Files\Java\jdk1.8.0_51\bin;C:\Program Files\Java\jdk1.8.0_51\jre\bin;C:\WINDOWS\system32;C:\WINDOWS;C:\WINDOWS\System32\Wbem;C:\WINDOWS\System32\WindowsPowerShell\v1.0\;D:\Dev\Haxe\haxe\;D:\Dev\Haxe\neko;
USERNAME=Razim
OS=Windows_NT
PROCESSOR_IDENTIFIER=Intel64 Family 6 Model 61 Stepping 4, GenuineIntel



---------------  S Y S T E M  ---------------

OS: Windows 10.0 , 64 bit Build 10586 (10.0.10586.0)

CPU:total 4 (2 cores per cpu, 2 threads per core) family 6 model 61 stepping 4, cmov, cx8, fxsr, mmx, sse, sse2, sse3, ssse3, sse4.1, sse4.2, popcnt, avx, avx2, aes, clmul, erms, 3dnowpref, lzcnt, ht, tsc, tscinvbit, bmi1, bmi2, adx

Memory: 4k page, physical 8289016k(4186656k free), swap 9599736k(4339384k free)

vm_info: Java HotSpot(TM) 64-Bit Server VM (25.51-b03) for windows-amd64 JRE (1.8.0_51-b16), built on Jun  8 2015 18:03:07 by "java_re" with MS VC++ 10.0 (VS2010)

time: Tue Jan 05 11:00:41 2016
elapsed time: 0 seconds (0d 0h 0m 0s)

